2018-09-19 17:32:21 INFO  BaseClass:44 - TEST -> BookVenue 1
2018-09-19 17:32:24 INFO  BaseClass:37 - Browser Opened
2018-09-19 17:32:34 INFO  BaseClass:51 - Navigated to URL
2018-09-19 17:32:39 INFO  BaseClass:63 - From Date Passed
2018-09-19 17:32:40 INFO  BaseClass:84 - Button click passed
2018-09-19 17:32:42 INFO  BaseClass:63 - To Date Passed
2018-09-19 17:32:43 INFO  BaseClass:84 - Button click passed
2018-09-19 17:32:45 INFO  BaseClass:63 - City Passed
2018-09-19 17:32:47 INFO  BaseClass:84 - Button click passed
2018-09-19 17:32:47 INFO  BaseClass:84 - Button click passed
2018-09-19 17:32:47 DEBUG cache:45 - Couldn't find template in cache for "Extent.ftl"("en_US", UTF-8, parsed); will try to load it.
2018-09-19 17:32:47 DEBUG cache:45 - TemplateLoader.findTemplateSource("Extent_en_US.ftl"): Not found
2018-09-19 17:32:47 DEBUG cache:45 - TemplateLoader.findTemplateSource("Extent_en.ftl"): Not found
2018-09-19 17:32:47 DEBUG cache:45 - TemplateLoader.findTemplateSource("Extent.ftl"): Found
2018-09-19 17:32:47 DEBUG cache:45 - Loading template for "Extent.ftl"("en_US", UTF-8, parsed) from "jar:file:/C:/Users/M1046818/.m2/repository/com/relevantcodes/extentreports/2.41.2/extentreports-2.41.2.jar!/com/relevantcodes/extentreports/view/Extent.ftl"
2018-09-19 17:32:48 DEBUG cache:45 - Couldn't find template in cache for "Extent.ftl"("en_US", UTF-8, parsed); will try to load it.
2018-09-19 17:32:48 DEBUG cache:45 - TemplateLoader.findTemplateSource("Extent_en_US.ftl"): Not found
2018-09-19 17:32:48 DEBUG cache:45 - TemplateLoader.findTemplateSource("Extent_en.ftl"): Not found
2018-09-19 17:32:48 DEBUG cache:45 - TemplateLoader.findTemplateSource("Extent.ftl"): Found
2018-09-19 17:32:48 DEBUG cache:45 - Loading template for "Extent.ftl"("en_US", UTF-8, parsed) from "jar:file:/C:/Users/M1046818/.m2/repository/com/relevantcodes/extentreports/2.41.2/extentreports-2.41.2.jar!/com/relevantcodes/extentreports/view/Extent.ftl"
2018-09-19 17:32:48 INFO  BaseClass:88 - COMPLETE !!!
