2018-09-14 16:43:38 INFO  BaseClass:39 - Test Started
2018-09-14 16:43:38 INFO  BaseClass:45 - BookVenue 1
2018-09-14 16:43:42 INFO  BaseClass:27 - Browser Opened
2018-09-14 16:43:49 INFO  BaseClass:41 - Navigated to URL
2018-09-14 16:43:51 INFO  BaseClass:72 - Button click passed
2018-09-14 16:43:53 INFO  BaseClass:72 - Button click passed
2018-09-14 16:43:53 INFO  BaseClass:52 - User Name Passed
2018-09-14 16:43:54 INFO  BaseClass:52 - Password Passed
2018-09-14 16:43:54 INFO  BaseClass:72 - Button click passed
2018-09-14 16:44:00 INFO  BaseClass:52 - From Date Passed
2018-09-14 16:44:01 INFO  BaseClass:52 - tab Passed
2018-09-14 16:44:02 INFO  BaseClass:52 - From Time Passed
2018-09-14 16:44:06 INFO  BaseClass:52 - To Date Passed
2018-09-14 16:44:07 INFO  BaseClass:52 - tab Passed
2018-09-14 16:44:08 INFO  BaseClass:52 - To Date Passed
2018-09-14 16:44:10 INFO  BaseClass:52 - City Passed
2018-09-14 16:44:12 INFO  BaseClass:72 - Button click passed
2018-09-14 16:44:12 DEBUG cache:45 - Couldn't find template in cache for "Extent.ftl"("en_US", UTF-8, parsed); will try to load it.
2018-09-14 16:44:12 DEBUG cache:45 - TemplateLoader.findTemplateSource("Extent_en_US.ftl"): Not found
2018-09-14 16:44:12 DEBUG cache:45 - TemplateLoader.findTemplateSource("Extent_en.ftl"): Not found
2018-09-14 16:44:12 DEBUG cache:45 - TemplateLoader.findTemplateSource("Extent.ftl"): Found
2018-09-14 16:44:12 DEBUG cache:45 - Loading template for "Extent.ftl"("en_US", UTF-8, parsed) from "jar:file:/C:/Users/M1046818/.m2/repository/com/relevantcodes/extentreports/2.41.2/extentreports-2.41.2.jar!/com/relevantcodes/extentreports/view/Extent.ftl"
2018-09-14 16:44:12 INFO  BaseClass:83 - COMPLETE !!!
