2018-09-17 11:16:49 INFO  BaseClass:44 - TEST -> AddAdmin 1
2018-09-17 11:16:53 INFO  BaseClass:37 - Browser Opened
2018-09-17 11:17:01 INFO  BaseClass:51 - Navigated to URL
2018-09-17 11:17:04 INFO  BaseClass:83 - Button click passed
2018-09-17 11:17:06 INFO  BaseClass:83 - Button click passed
2018-09-17 11:17:07 INFO  BaseClass:63 - User Name Passed
2018-09-17 11:17:08 INFO  BaseClass:63 - Password Passed
2018-09-17 11:17:09 INFO  BaseClass:83 - Button click passed
2018-09-17 11:17:12 INFO  BaseClass:83 - Button click passed
2018-09-17 11:17:13 INFO  BaseClass:83 - Button click passed
2018-09-17 11:17:14 INFO  BaseClass:63 - Admin Name Passed
2018-09-17 11:17:14 INFO  BaseClass:63 - First Name Passed
2018-09-17 11:17:15 INFO  BaseClass:63 - Last Name Passed
2018-09-17 11:17:16 INFO  BaseClass:63 - Contact Passed
2018-09-17 11:17:17 INFO  BaseClass:63 - Email Passed
2018-09-17 11:17:18 INFO  BaseClass:63 - Admin Password Passed
2018-09-17 11:17:18 INFO  BaseClass:63 - Confirm Password Passed
2018-09-17 11:17:19 INFO  BaseClass:83 - Button click passed
2018-09-17 11:17:22 INFO  BaseClass:199 - Verification Failed
2018-09-17 11:17:22 INFO  BaseClass:42 - Browser Closed
2018-09-17 11:17:22 DEBUG cache:45 - Couldn't find template in cache for "Extent.ftl"("en_US", UTF-8, parsed); will try to load it.
2018-09-17 11:17:22 DEBUG cache:45 - TemplateLoader.findTemplateSource("Extent_en_US.ftl"): Not found
2018-09-17 11:17:22 DEBUG cache:45 - TemplateLoader.findTemplateSource("Extent_en.ftl"): Not found
2018-09-17 11:17:22 DEBUG cache:45 - TemplateLoader.findTemplateSource("Extent.ftl"): Found
2018-09-17 11:17:22 DEBUG cache:45 - Loading template for "Extent.ftl"("en_US", UTF-8, parsed) from "jar:file:/C:/Users/M1046818/.m2/repository/com/relevantcodes/extentreports/2.41.2/extentreports-2.41.2.jar!/com/relevantcodes/extentreports/view/Extent.ftl"
2018-09-17 11:17:22 DEBUG cache:45 - Couldn't find template in cache for "Extent.ftl"("en_US", UTF-8, parsed); will try to load it.
2018-09-17 11:17:22 DEBUG cache:45 - TemplateLoader.findTemplateSource("Extent_en_US.ftl"): Not found
2018-09-17 11:17:22 DEBUG cache:45 - TemplateLoader.findTemplateSource("Extent_en.ftl"): Not found
2018-09-17 11:17:22 DEBUG cache:45 - TemplateLoader.findTemplateSource("Extent.ftl"): Found
2018-09-17 11:17:22 DEBUG cache:45 - Loading template for "Extent.ftl"("en_US", UTF-8, parsed) from "jar:file:/C:/Users/M1046818/.m2/repository/com/relevantcodes/extentreports/2.41.2/extentreports-2.41.2.jar!/com/relevantcodes/extentreports/view/Extent.ftl"
2018-09-17 11:17:22 INFO  BaseClass:87 - COMPLETE !!!
