2018-09-19 17:46:08 INFO  BaseClass:44 - TEST -> BookVenue 1
2018-09-19 17:46:11 INFO  BaseClass:37 - Browser Opened
2018-09-19 17:46:21 INFO  BaseClass:51 - Navigated to URL
2018-09-19 17:46:26 INFO  BaseClass:63 - From Date Passed
2018-09-19 17:46:27 INFO  BaseClass:84 - Button click passed
2018-09-19 17:46:28 INFO  BaseClass:63 - To Date Passed
2018-09-19 17:46:30 INFO  BaseClass:84 - Button click passed
2018-09-19 17:46:32 INFO  BaseClass:63 - City Passed
2018-09-19 17:46:33 INFO  BaseClass:84 - Button click passed
2018-09-19 17:46:34 INFO  BaseClass:84 - Button click passed
2018-09-19 17:46:35 INFO  BaseClass:89 - Button click failed
2018-09-19 17:46:35 INFO  BaseClass:42 - Browser Closed
2018-09-19 17:46:35 DEBUG cache:45 - Couldn't find template in cache for "Extent.ftl"("en_US", UTF-8, parsed); will try to load it.
2018-09-19 17:46:35 DEBUG cache:45 - TemplateLoader.findTemplateSource("Extent_en_US.ftl"): Not found
2018-09-19 17:46:35 DEBUG cache:45 - TemplateLoader.findTemplateSource("Extent_en.ftl"): Not found
2018-09-19 17:46:35 DEBUG cache:45 - TemplateLoader.findTemplateSource("Extent.ftl"): Found
2018-09-19 17:46:35 DEBUG cache:45 - Loading template for "Extent.ftl"("en_US", UTF-8, parsed) from "jar:file:/C:/Users/M1046818/.m2/repository/com/relevantcodes/extentreports/2.41.2/extentreports-2.41.2.jar!/com/relevantcodes/extentreports/view/Extent.ftl"
2018-09-19 17:46:35 DEBUG cache:45 - Couldn't find template in cache for "Extent.ftl"("en_US", UTF-8, parsed); will try to load it.
2018-09-19 17:46:35 DEBUG cache:45 - TemplateLoader.findTemplateSource("Extent_en_US.ftl"): Not found
2018-09-19 17:46:35 DEBUG cache:45 - TemplateLoader.findTemplateSource("Extent_en.ftl"): Not found
2018-09-19 17:46:35 DEBUG cache:45 - TemplateLoader.findTemplateSource("Extent.ftl"): Found
2018-09-19 17:46:35 DEBUG cache:45 - Loading template for "Extent.ftl"("en_US", UTF-8, parsed) from "jar:file:/C:/Users/M1046818/.m2/repository/com/relevantcodes/extentreports/2.41.2/extentreports-2.41.2.jar!/com/relevantcodes/extentreports/view/Extent.ftl"
2018-09-19 17:46:35 INFO  BaseClass:88 - COMPLETE !!!
